# JRE version: 7.0_25-b30
# Java VM: OpenJDK 64-Bit Server VM (23.7-b01 mixed mode linux-amd64 compressed oops)
Heap
 PSYoungGen      total 100480K, used 57566K [0x00000000f5560000, 0x00000000fde30000, 0x0000000100000000)
  eden space 100288K, 57% used [0x00000000f5560000,0x00000000f8d97b18,0x00000000fb750000)
  from space 192K, 0% used [0x00000000fb750000,0x00000000fb750000,0x00000000fb780000)
  to   space 19904K, 0% used [0x00000000fcac0000,0x00000000fcac0000,0x00000000fde30000)
 ParOldGen       total 130752K, used 90212K [0x00000000e0000000, 0x00000000e7fb0000, 0x00000000f5560000)
  object space 130752K, 68% used [0x00000000e0000000,0x00000000e5819058,0x00000000e7fb0000)
 PSPermGen       total 128192K, used 127373K [0x00000000d0000000, 0x00000000d7d30000, 0x00000000e0000000)
  object space 128192K, 99% used [0x00000000d0000000,0x00000000d7c635c8,0x00000000d7d30000)
GC Heap History (10 events):
Event: 2573,982 GC heap before
{Heap before GC invocations=145 (full 42):
 PSYoungGen      total 102784K, used 2435K [0x00000000f5560000, 0x00000000fe1f0000, 0x0000000100000000)
  eden space 100288K, 0% used [0x00000000f5560000,0x00000000f5560000,0x00000000fb750000)
  from space 2496K, 97% used [0x00000000fb750000,0x00000000fb9b0ed0,0x00000000fb9c0000)
  to   space 21824K, 0% used [0x00000000fcca0000,0x00000000fcca0000,0x00000000fe1f0000)
 ParOldGen       total 130752K, used 89344K [0x00000000e0000000, 0x00000000e7fb0000, 0x00000000f5560000)
  object space 130752K, 68% used [0x00000000e0000000,0x00000000e57402a0,0x00000000e7fb0000)
 PSPermGen       total 128512K, used 127299K [0x00000000d0000000, 0x00000000d7d80000, 0x00000000e0000000)
  object space 128512K, 99% used [0x00000000d0000000,0x00000000d7c50e00,0x00000000d7d80000)
Event: 2574,298 GC heap after
Heap after GC invocations=145 (full 42):
 PSYoungGen      total 102784K, used 0K [0x00000000f5560000, 0x00000000fe1f0000, 0x0000000100000000)
  eden space 100288K, 0% used [0x00000000f5560000,0x00000000f5560000,0x00000000fb750000)
  from space 2496K, 0% used [0x00000000fb750000,0x00000000fb750000,0x00000000fb9c0000)
  to   space 21824K, 0% used [0x00000000fcca0000,0x00000000fcca0000,0x00000000fe1f0000)
 ParOldGen       total 130752K, used 89828K [0x00000000e0000000, 0x00000000e7fb0000, 0x00000000f5560000)
  object space 130752K, 68% used [0x00000000e0000000,0x00000000e57b93c0,0x00000000e7fb0000)
 PSPermGen       total 128384K, used 127299K [0x00000000d0000000, 0x00000000d7d60000, 0x00000000e0000000)
  object space 128384K, 99% used [0x00000000d0000000,0x00000000d7c50c40,0x00000000d7d60000)
}
Event: 2638,841 GC heap before
{Heap before GC invocations=146 (full 42):
 PSYoungGen      total 102784K, used 64532K [0x00000000f5560000, 0x00000000fe1f0000, 0x0000000100000000)
  eden space 100288K, 64% used [0x00000000f5560000,0x00000000f94650a8,0x00000000fb750000)
  from space 2496K, 0% used [0x00000000fb750000,0x00000000fb750000,0x00000000fb9c0000)
  to   space 21824K, 0% used [0x00000000fcca0000,0x00000000fcca0000,0x00000000fe1f0000)
 ParOldGen       total 130752K, used 89828K [0x00000000e0000000, 0x00000000e7fb0000, 0x00000000f5560000)
  object space 130752K, 68% used [0x00000000e0000000,0x00000000e57b93c0,0x00000000e7fb0000)
 PSPermGen       total 128384K, used 127364K [0x00000000d0000000, 0x00000000d7d60000, 0x00000000e0000000)
  object space 128384K, 99% used [0x00000000d0000000,0x00000000d7c613f8,0x00000000d7d60000)
Event: 2638,855 GC heap after
Heap after GC invocations=146 (full 42):
 PSYoungGen      total 119680K, used 3168K [0x00000000f5560000, 0x00000000fdf90000, 0x0000000100000000)
  eden space 100288K, 0% used [0x00000000f5560000,0x00000000f5560000,0x00000000fb750000)
  from space 19392K, 16% used [0x00000000fcca0000,0x00000000fcfb8350,0x00000000fdf90000)
  to   space 20608K, 0% used [0x00000000fb750000,0x00000000fb750000,0x00000000fcb70000)
 ParOldGen       total 130752K, used 89828K [0x00000000e0000000, 0x00000000e7fb0000, 0x00000000f5560000)
  object space 130752K, 68% used [0x00000000e0000000,0x00000000e57b93c0,0x00000000e7fb0000)
 PSPermGen       total 128384K, used 127364K [0x00000000d0000000, 0x00000000d7d60000, 0x00000000e0000000)
  object space 128384K, 99% used [0x00000000d0000000,0x00000000d7c613f8,0x00000000d7d60000)
}
Event: 2638,855 GC heap before
{Heap before GC invocations=147 (full 43):
 PSYoungGen      total 119680K, used 3168K [0x00000000f5560000, 0x00000000fdf90000, 0x0000000100000000)
  eden space 100288K, 0% used [0x00000000f5560000,0x00000000f5560000,0x00000000fb750000)
  from space 19392K, 16% used [0x00000000fcca0000,0x00000000fcfb8350,0x00000000fdf90000)
  to   space 20608K, 0% used [0x00000000fb750000,0x00000000fb750000,0x00000000fcb70000)
 ParOldGen       total 130752K, used 89828K [0x00000000e0000000, 0x00000000e7fb0000, 0x00000000f5560000)
  object space 130752K, 68% used [0x00000000e0000000,0x00000000e57b93c0,0x00000000e7fb0000)
 PSPermGen       total 128384K, used 127364K [0x00000000d0000000, 0x00000000d7d60000, 0x00000000e0000000)
  object space 128384K, 99% used [0x00000000d0000000,0x00000000d7c613f8,0x00000000d7d60000)
Event: 2639,107 GC heap after
Heap after GC invocations=147 (full 43):
 PSYoungGen      total 119680K, used 0K [0x00000000f5560000, 0x00000000fdf90000, 0x0000000100000000)
  eden space 100288K, 0% used [0x00000000f5560000,0x00000000f5560000,0x00000000fb750000)
  from space 19392K, 0% used [0x00000000fcca0000,0x00000000fcca0000,0x00000000fdf90000)
  to   space 20608K, 0% used [0x00000000fb750000,0x00000000fb750000,0x00000000fcb70000)
 ParOldGen       total 130752K, used 90864K [0x00000000e0000000, 0x00000000e7fb0000, 0x00000000f5560000)
  object space 130752K, 69% used [0x00000000e0000000,0x00000000e58bc2f0,0x00000000e7fb0000)
 PSPermGen       total 128320K, used 127364K [0x00000000d0000000, 0x00000000d7d50000, 0x00000000e0000000)
  object space 128320K, 99% used [0x00000000d0000000,0x00000000d7c61078,0x00000000d7d50000)
}
Event: 2698,842 GC heap before
{Heap before GC invocations=148 (full 43):
 PSYoungGen      total 119680K, used 2487K [0x00000000f5560000, 0x00000000fdf90000, 0x0000000100000000)
  eden space 100288K, 2% used [0x00000000f5560000,0x00000000f57cddc8,0x00000000fb750000)
  from space 19392K, 0% used [0x00000000fcca0000,0x00000000fcca0000,0x00000000fdf90000)
  to   space 20608K, 0% used [0x00000000fb750000,0x00000000fb750000,0x00000000fcb70000)
 ParOldGen       total 130752K, used 90864K [0x00000000e0000000, 0x00000000e7fb0000, 0x00000000f5560000)
  object space 130752K, 69% used [0x00000000e0000000,0x00000000e58bc2f0,0x00000000e7fb0000)
 PSPermGen       total 128320K, used 127364K [0x00000000d0000000, 0x00000000d7d50000, 0x00000000e0000000)
  object space 128320K, 99% used [0x00000000d0000000,0x00000000d7c61078,0x00000000d7d50000)
Event: 2698,856 GC heap after
Heap after GC invocations=148 (full 43):
 PSYoungGen      total 100480K, used 128K [0x00000000f5560000, 0x00000000fde30000, 0x0000000100000000)
  eden space 100288K, 0% used [0x00000000f5560000,0x00000000f5560000,0x00000000fb750000)
  from space 192K, 66% used [0x00000000fb750000,0x00000000fb770020,0x00000000fb780000)
  to   space 19904K, 0% used [0x00000000fcac0000,0x00000000fcac0000,0x00000000fde30000)
 ParOldGen       total 130752K, used 90864K [0x00000000e0000000, 0x00000000e7fb0000, 0x00000000f5560000)
  object space 130752K, 69% used [0x00000000e0000000,0x00000000e58bc2f0,0x00000000e7fb0000)
 PSPermGen       total 128320K, used 127364K [0x00000000d0000000, 0x00000000d7d50000, 0x00000000e0000000)
  object space 128320K, 99% used [0x00000000d0000000,0x00000000d7c61078,0x00000000d7d50000)
}
Event: 2698,856 GC heap before
{Heap before GC invocations=149 (full 44):
 PSYoungGen      total 100480K, used 128K [0x00000000f5560000, 0x00000000fde30000, 0x0000000100000000)
  eden space 100288K, 0% used [0x00000000f5560000,0x00000000f5560000,0x00000000fb750000)
  from space 192K, 66% used [0x00000000fb750000,0x00000000fb770020,0x00000000fb780000)
  to   space 19904K, 0% used [0x00000000fcac0000,0x00000000fcac0000,0x00000000fde30000)
 ParOldGen       total 130752K, used 90864K [0x00000000e0000000, 0x00000000e7fb0000, 0x00000000f5560000)
  object space 130752K, 69% used [0x00000000e0000000,0x00000000e58bc2f0,0x00000000e7fb0000)
 PSPermGen       total 128320K, used 127364K [0x00000000d0000000, 0x00000000d7d50000, 0x00000000e0000000)
  object space 128320K, 99% used [0x00000000d0000000,0x00000000d7c61078,0x00000000d7d50000)
Event: 2699,171 GC heap after
Heap after GC invocations=149 (full 44):
 PSYoungGen      total 100480K, used 0K [0x00000000f5560000, 0x00000000fde30000, 0x0000000100000000)
  eden space 100288K, 0% used [0x00000000f5560000,0x00000000f5560000,0x00000000fb750000)
  from space 192K, 0% used [0x00000000fb750000,0x00000000fb750000,0x00000000fb780000)
  to   space 19904K, 0% used [0x00000000fcac0000,0x00000000fcac0000,0x00000000fde30000)
 ParOldGen       total 130752K, used 90212K [0x00000000e0000000, 0x00000000e7fb0000, 0x00000000f5560000)
  object space 130752K, 68% used [0x00000000e0000000,0x00000000e5819058,0x00000000e7fb0000)
 PSPermGen       total 128192K, used 127364K [0x00000000d0000000, 0x00000000d7d30000, 0x00000000e0000000)
  object space 128192K, 99% used [0x00000000d0000000,0x00000000d7c61078,0x00000000d7d30000)
}

